{"D:\\webdev\\test-mindbox-todolist\\src\\App.tsx": {"path":"D:\\webdev\\test-mindbox-todolist\\src\\App.tsx","all":true,"statementMap":{"0":{"start":{"line":1,"column":0},"end":{"line":1,"column":31}},"2":{"start":{"line":3,"column":0},"end":{"line":3,"column":31}},"3":{"start":{"line":4,"column":0},"end":{"line":4,"column":10}},"4":{"start":{"line":5,"column":0},"end":{"line":5,"column":43}},"5":{"start":{"line":6,"column":0},"end":{"line":6,"column":17}},"6":{"start":{"line":7,"column":0},"end":{"line":7,"column":10}},"8":{"start":{"line":9,"column":0},"end":{"line":9,"column":1}}},"s":{"0":0,"2":0,"3":0,"4":0,"5":0,"6":0,"8":0},"branchMap":{"0":{"type":"branch","line":1,"loc":{"start":{"line":1,"column":126},"end":{"line":9,"column":-122}},"locations":[{"start":{"line":1,"column":126},"end":{"line":9,"column":-122}}]}},"b":{"0":[0]},"fnMap":{"0":{"name":"(empty-report)","decl":{"start":{"line":1,"column":126},"end":{"line":9,"column":-122}},"loc":{"start":{"line":1,"column":126},"end":{"line":9,"column":-122}},"line":1}},"f":{"0":0}}
,"D:\\webdev\\test-mindbox-todolist\\src\\TodoApp.tsx": {"path":"D:\\webdev\\test-mindbox-todolist\\src\\TodoApp.tsx","all":false,"statementMap":{"0":{"start":{"line":1,"column":0},"end":{"line":1,"column":32}},"2":{"start":{"line":3,"column":0},"end":{"line":3,"column":46}},"3":{"start":{"line":4,"column":0},"end":{"line":4,"column":48}},"4":{"start":{"line":5,"column":0},"end":{"line":5,"column":46}},"6":{"start":{"line":7,"column":0},"end":{"line":7,"column":23}},"7":{"start":{"line":8,"column":0},"end":{"line":8,"column":48}},"8":{"start":{"line":9,"column":0},"end":{"line":9,"column":40}},"9":{"start":{"line":10,"column":0},"end":{"line":10,"column":77}},"11":{"start":{"line":12,"column":0},"end":{"line":12,"column":25}},"12":{"start":{"line":13,"column":0},"end":{"line":13,"column":23}},"13":{"start":{"line":14,"column":0},"end":{"line":14,"column":84}},"14":{"start":{"line":15,"column":0},"end":{"line":15,"column":18}},"15":{"start":{"line":16,"column":0},"end":{"line":16,"column":5}},"16":{"start":{"line":17,"column":0},"end":{"line":17,"column":3}},"18":{"start":{"line":19,"column":0},"end":{"line":19,"column":38}},"19":{"start":{"line":20,"column":0},"end":{"line":20,"column":98}},"20":{"start":{"line":21,"column":0},"end":{"line":21,"column":3}},"22":{"start":{"line":23,"column":0},"end":{"line":23,"column":32}},"23":{"start":{"line":24,"column":0},"end":{"line":24,"column":51}},"24":{"start":{"line":25,"column":0},"end":{"line":25,"column":3}},"26":{"start":{"line":27,"column":0},"end":{"line":27,"column":46}},"27":{"start":{"line":28,"column":0},"end":{"line":28,"column":51}},"28":{"start":{"line":29,"column":0},"end":{"line":29,"column":53}},"29":{"start":{"line":30,"column":0},"end":{"line":30,"column":15}},"30":{"start":{"line":31,"column":0},"end":{"line":31,"column":4}},"32":{"start":{"line":33,"column":0},"end":{"line":33,"column":64}},"34":{"start":{"line":35,"column":0},"end":{"line":35,"column":10}},"35":{"start":{"line":36,"column":0},"end":{"line":36,"column":55}},"36":{"start":{"line":37,"column":0},"end":{"line":37,"column":68}},"38":{"start":{"line":39,"column":0},"end":{"line":39,"column":69}},"41":{"start":{"line":42,"column":0},"end":{"line":42,"column":17}},"42":{"start":{"line":43,"column":0},"end":{"line":43,"column":75}},"43":{"start":{"line":44,"column":0},"end":{"line":44,"column":29}},"44":{"start":{"line":45,"column":0},"end":{"line":45,"column":29}},"45":{"start":{"line":46,"column":0},"end":{"line":46,"column":8}},"48":{"start":{"line":49,"column":0},"end":{"line":49,"column":75}},"50":{"start":{"line":51,"column":0},"end":{"line":51,"column":34}},"51":{"start":{"line":52,"column":0},"end":{"line":52,"column":15}},"52":{"start":{"line":53,"column":0},"end":{"line":53,"column":42}},"53":{"start":{"line":54,"column":0},"end":{"line":54,"column":49}},"54":{"start":{"line":55,"column":0},"end":{"line":55,"column":89}},"55":{"start":{"line":56,"column":0},"end":{"line":56,"column":13}},"56":{"start":{"line":57,"column":0},"end":{"line":57,"column":9}},"58":{"start":{"line":59,"column":0},"end":{"line":59,"column":17}},"59":{"start":{"line":60,"column":0},"end":{"line":60,"column":15}},"60":{"start":{"line":61,"column":0},"end":{"line":61,"column":45}},"61":{"start":{"line":62,"column":0},"end":{"line":62,"column":49}},"62":{"start":{"line":63,"column":0},"end":{"line":63,"column":92}},"63":{"start":{"line":64,"column":0},"end":{"line":64,"column":13}},"64":{"start":{"line":65,"column":0},"end":{"line":65,"column":9}},"66":{"start":{"line":67,"column":0},"end":{"line":67,"column":17}},"67":{"start":{"line":68,"column":0},"end":{"line":68,"column":15}},"68":{"start":{"line":69,"column":0},"end":{"line":69,"column":48}},"69":{"start":{"line":70,"column":0},"end":{"line":70,"column":49}},"70":{"start":{"line":71,"column":0},"end":{"line":71,"column":95}},"71":{"start":{"line":72,"column":0},"end":{"line":72,"column":13}},"72":{"start":{"line":73,"column":0},"end":{"line":73,"column":9}},"74":{"start":{"line":75,"column":0},"end":{"line":75,"column":17}},"75":{"start":{"line":76,"column":0},"end":{"line":76,"column":12}},"76":{"start":{"line":77,"column":0},"end":{"line":77,"column":10}},"78":{"start":{"line":79,"column":0},"end":{"line":79,"column":1}},"80":{"start":{"line":81,"column":0},"end":{"line":81,"column":22}}},"s":{"0":1,"2":1,"3":1,"4":1,"6":1,"7":120,"8":120,"9":120,"11":120,"12":12,"13":10,"14":10,"15":10,"16":12,"18":120,"19":5,"20":5,"22":120,"23":1,"24":1,"26":120,"27":76,"28":76,"29":72,"30":120,"32":120,"34":120,"35":120,"36":120,"38":120,"41":120,"42":120,"43":120,"44":120,"45":120,"48":120,"50":120,"51":120,"52":120,"53":120,"54":120,"55":120,"56":120,"58":120,"59":120,"60":120,"61":120,"62":120,"63":120,"64":120,"66":120,"67":120,"68":120,"69":120,"70":120,"71":120,"72":120,"74":120,"75":120,"76":120,"78":120,"80":1},"branchMap":{"0":{"type":"branch","line":7,"loc":{"start":{"line":7,"column":16},"end":{"line":79,"column":1}},"locations":[{"start":{"line":7,"column":16},"end":{"line":79,"column":1}}]},"1":{"type":"branch","line":55,"loc":{"start":{"line":55,"column":23},"end":{"line":55,"column":58}},"locations":[{"start":{"line":55,"column":23},"end":{"line":55,"column":58}}]},"2":{"type":"branch","line":55,"loc":{"start":{"line":55,"column":31},"end":{"line":55,"column":89}},"locations":[{"start":{"line":55,"column":31},"end":{"line":55,"column":89}}]},"3":{"type":"branch","line":63,"loc":{"start":{"line":63,"column":23},"end":{"line":63,"column":61}},"locations":[{"start":{"line":63,"column":23},"end":{"line":63,"column":61}}]},"4":{"type":"branch","line":63,"loc":{"start":{"line":63,"column":34},"end":{"line":63,"column":92}},"locations":[{"start":{"line":63,"column":34},"end":{"line":63,"column":92}}]},"5":{"type":"branch","line":71,"loc":{"start":{"line":71,"column":23},"end":{"line":71,"column":64}},"locations":[{"start":{"line":71,"column":23},"end":{"line":71,"column":64}}]},"6":{"type":"branch","line":71,"loc":{"start":{"line":71,"column":37},"end":{"line":71,"column":95}},"locations":[{"start":{"line":71,"column":37},"end":{"line":71,"column":95}}]},"7":{"type":"branch","line":12,"loc":{"start":{"line":12,"column":18},"end":{"line":17,"column":3}},"locations":[{"start":{"line":12,"column":18},"end":{"line":17,"column":3}}]},"8":{"type":"branch","line":13,"loc":{"start":{"line":13,"column":22},"end":{"line":16,"column":5}},"locations":[{"start":{"line":13,"column":22},"end":{"line":16,"column":5}}]},"9":{"type":"branch","line":19,"loc":{"start":{"line":19,"column":21},"end":{"line":21,"column":3}},"locations":[{"start":{"line":19,"column":21},"end":{"line":21,"column":3}}]},"10":{"type":"branch","line":20,"loc":{"start":{"line":20,"column":23},"end":{"line":20,"column":96}},"locations":[{"start":{"line":20,"column":23},"end":{"line":20,"column":96}}]},"11":{"type":"branch","line":20,"loc":{"start":{"line":20,"column":44},"end":{"line":20,"column":91}},"locations":[{"start":{"line":20,"column":44},"end":{"line":20,"column":91}}]},"12":{"type":"branch","line":20,"loc":{"start":{"line":20,"column":87},"end":{"line":20,"column":96}},"locations":[{"start":{"line":20,"column":87},"end":{"line":20,"column":96}}]},"13":{"type":"branch","line":23,"loc":{"start":{"line":23,"column":25},"end":{"line":25,"column":3}},"locations":[{"start":{"line":23,"column":25},"end":{"line":25,"column":3}}]},"14":{"type":"branch","line":24,"loc":{"start":{"line":24,"column":26},"end":{"line":24,"column":49}},"locations":[{"start":{"line":24,"column":26},"end":{"line":24,"column":49}}]},"15":{"type":"branch","line":27,"loc":{"start":{"line":27,"column":37},"end":{"line":31,"column":3}},"locations":[{"start":{"line":27,"column":37},"end":{"line":31,"column":3}}]},"16":{"type":"branch","line":28,"loc":{"start":{"line":28,"column":29},"end":{"line":28,"column":51}},"locations":[{"start":{"line":28,"column":29},"end":{"line":28,"column":51}}]},"17":{"type":"branch","line":28,"loc":{"start":{"line":28,"column":42},"end":{"line":29,"column":39}},"locations":[{"start":{"line":28,"column":42},"end":{"line":29,"column":39}}]},"18":{"type":"branch","line":29,"loc":{"start":{"line":29,"column":32},"end":{"line":29,"column":53}},"locations":[{"start":{"line":29,"column":32},"end":{"line":29,"column":53}}]},"19":{"type":"branch","line":29,"loc":{"start":{"line":29,"column":44},"end":{"line":30,"column":15}},"locations":[{"start":{"line":29,"column":44},"end":{"line":30,"column":15}}]},"20":{"type":"branch","line":33,"loc":{"start":{"line":33,"column":33},"end":{"line":33,"column":56}},"locations":[{"start":{"line":33,"column":33},"end":{"line":33,"column":56}}]},"21":{"type":"branch","line":53,"loc":{"start":{"line":53,"column":19},"end":{"line":53,"column":42}},"locations":[{"start":{"line":53,"column":19},"end":{"line":53,"column":42}}]},"22":{"type":"branch","line":61,"loc":{"start":{"line":61,"column":19},"end":{"line":61,"column":45}},"locations":[{"start":{"line":61,"column":19},"end":{"line":61,"column":45}}]},"23":{"type":"branch","line":69,"loc":{"start":{"line":69,"column":19},"end":{"line":69,"column":48}},"locations":[{"start":{"line":69,"column":19},"end":{"line":69,"column":48}}]}},"b":{"0":[120],"1":[118],"2":[2],"3":[1],"4":[119],"5":[1],"6":[119],"7":[12],"8":[10],"9":[5],"10":[11],"11":[5],"12":[6],"13":[1],"14":[2],"15":[76],"16":[2],"17":[74],"18":[2],"19":[72],"20":[76],"21":[1],"22":[1],"23":[1]},"fnMap":{"0":{"name":"TodoApp","decl":{"start":{"line":7,"column":16},"end":{"line":79,"column":1}},"loc":{"start":{"line":7,"column":16},"end":{"line":79,"column":1}},"line":7},"1":{"name":"addTodo","decl":{"start":{"line":12,"column":18},"end":{"line":17,"column":3}},"loc":{"start":{"line":12,"column":18},"end":{"line":17,"column":3}},"line":12},"2":{"name":"toggleTodo","decl":{"start":{"line":19,"column":21},"end":{"line":21,"column":3}},"loc":{"start":{"line":19,"column":21},"end":{"line":21,"column":3}},"line":19},"3":{"name":"clearCompleted","decl":{"start":{"line":23,"column":25},"end":{"line":25,"column":3}},"loc":{"start":{"line":23,"column":25},"end":{"line":25,"column":3}},"line":23},"4":{"name":"onClick","decl":{"start":{"line":53,"column":19},"end":{"line":53,"column":42}},"loc":{"start":{"line":53,"column":19},"end":{"line":53,"column":42}},"line":53},"5":{"name":"onClick","decl":{"start":{"line":61,"column":19},"end":{"line":61,"column":45}},"loc":{"start":{"line":61,"column":19},"end":{"line":61,"column":45}},"line":61},"6":{"name":"onClick","decl":{"start":{"line":69,"column":19},"end":{"line":69,"column":48}},"loc":{"start":{"line":69,"column":19},"end":{"line":69,"column":48}},"line":69}},"f":{"0":120,"1":12,"2":5,"3":1,"4":1,"5":1,"6":1}}
,"D:\\webdev\\test-mindbox-todolist\\src\\main.tsx": {"path":"D:\\webdev\\test-mindbox-todolist\\src\\main.tsx","all":true,"statementMap":{"0":{"start":{"line":1,"column":0},"end":{"line":1,"column":34}},"1":{"start":{"line":2,"column":0},"end":{"line":2,"column":45}},"2":{"start":{"line":3,"column":0},"end":{"line":3,"column":20}},"3":{"start":{"line":4,"column":0},"end":{"line":4,"column":27}},"5":{"start":{"line":6,"column":0},"end":{"line":6,"column":52}},"6":{"start":{"line":7,"column":0},"end":{"line":7,"column":14}},"7":{"start":{"line":8,"column":0},"end":{"line":8,"column":11}},"8":{"start":{"line":9,"column":0},"end":{"line":9,"column":16}},"9":{"start":{"line":10,"column":0},"end":{"line":10,"column":1}}},"s":{"0":0,"1":0,"2":0,"3":0,"5":0,"6":0,"7":0,"8":0,"9":0},"branchMap":{"0":{"type":"branch","line":1,"loc":{"start":{"line":1,"column":203},"end":{"line":10,"column":-148}},"locations":[{"start":{"line":1,"column":203},"end":{"line":10,"column":-148}}]}},"b":{"0":[0]},"fnMap":{"0":{"name":"(empty-report)","decl":{"start":{"line":1,"column":203},"end":{"line":10,"column":-148}},"loc":{"start":{"line":1,"column":203},"end":{"line":10,"column":-148}},"line":1}},"f":{"0":0}}
,"D:\\webdev\\test-mindbox-todolist\\src\\types.ts": {"path":"D:\\webdev\\test-mindbox-todolist\\src\\types.ts","all":true,"statementMap":{},"s":{},"branchMap":{"0":{"type":"branch","line":1,"loc":{"start":{"line":1,"column":78},"end":{"line":5,"column":1}},"locations":[{"start":{"line":1,"column":78},"end":{"line":5,"column":1}}]}},"b":{"0":[1]},"fnMap":{"0":{"name":"(empty-report)","decl":{"start":{"line":1,"column":78},"end":{"line":5,"column":1}},"loc":{"start":{"line":1,"column":78},"end":{"line":5,"column":1}},"line":1}},"f":{"0":1}}
,"D:\\webdev\\test-mindbox-todolist\\src\\components\\TodoColumn.tsx": {"path":"D:\\webdev\\test-mindbox-todolist\\src\\components\\TodoColumn.tsx","all":false,"statementMap":{"2":{"start":{"line":3,"column":0},"end":{"line":3,"column":33}},"10":{"start":{"line":11,"column":0},"end":{"line":11,"column":63}},"11":{"start":{"line":12,"column":0},"end":{"line":12,"column":43}},"12":{"start":{"line":13,"column":0},"end":{"line":13,"column":35}},"13":{"start":{"line":14,"column":0},"end":{"line":14,"column":30}},"14":{"start":{"line":15,"column":0},"end":{"line":15,"column":9}},"15":{"start":{"line":16,"column":0},"end":{"line":16,"column":8}},"16":{"start":{"line":17,"column":0},"end":{"line":17,"column":26}},"17":{"start":{"line":18,"column":0},"end":{"line":18,"column":66}},"18":{"start":{"line":19,"column":0},"end":{"line":19,"column":9}},"19":{"start":{"line":20,"column":0},"end":{"line":20,"column":9}},"20":{"start":{"line":21,"column":0},"end":{"line":21,"column":8}},"23":{"start":{"line":24,"column":0},"end":{"line":24,"column":25}}},"s":{"2":1,"10":1,"11":120,"12":120,"13":120,"14":120,"15":120,"16":120,"17":74,"18":120,"19":120,"20":120,"23":1},"branchMap":{"0":{"type":"branch","line":11,"loc":{"start":{"line":11,"column":30},"end":{"line":21,"column":8}},"locations":[{"start":{"line":11,"column":30},"end":{"line":21,"column":8}}]},"1":{"type":"branch","line":17,"loc":{"start":{"line":17,"column":17},"end":{"line":18,"column":66}},"locations":[{"start":{"line":17,"column":17},"end":{"line":18,"column":66}}]}},"b":{"0":[120],"1":[74]},"fnMap":{"0":{"name":"TodoColumn","decl":{"start":{"line":11,"column":30},"end":{"line":21,"column":8}},"loc":{"start":{"line":11,"column":30},"end":{"line":21,"column":8}},"line":11}},"f":{"0":120}}
,"D:\\webdev\\test-mindbox-todolist\\src\\components\\TodoInput.tsx": {"path":"D:\\webdev\\test-mindbox-todolist\\src\\components\\TodoInput.tsx","all":false,"statementMap":{"8":{"start":{"line":9,"column":0},"end":{"line":9,"column":62}},"9":{"start":{"line":10,"column":0},"end":{"line":10,"column":29}},"10":{"start":{"line":11,"column":0},"end":{"line":11,"column":10}},"11":{"start":{"line":12,"column":0},"end":{"line":12,"column":17}},"12":{"start":{"line":13,"column":0},"end":{"line":13,"column":19}},"13":{"start":{"line":14,"column":0},"end":{"line":14,"column":46}},"14":{"start":{"line":15,"column":0},"end":{"line":15,"column":51}},"15":{"start":{"line":16,"column":0},"end":{"line":16,"column":42}},"16":{"start":{"line":17,"column":0},"end":{"line":17,"column":106}},"17":{"start":{"line":18,"column":0},"end":{"line":18,"column":6}},"18":{"start":{"line":19,"column":0},"end":{"line":19,"column":119}},"20":{"start":{"line":21,"column":0},"end":{"line":21,"column":13}},"21":{"start":{"line":22,"column":0},"end":{"line":22,"column":8}},"24":{"start":{"line":25,"column":0},"end":{"line":25,"column":24}}},"s":{"8":1,"9":120,"10":120,"11":120,"12":120,"13":120,"14":120,"15":120,"16":120,"17":120,"18":120,"20":120,"21":120,"24":1},"branchMap":{"0":{"type":"branch","line":9,"loc":{"start":{"line":9,"column":29},"end":{"line":22,"column":8}},"locations":[{"start":{"line":9,"column":29},"end":{"line":22,"column":8}}]},"1":{"type":"branch","line":14,"loc":{"start":{"line":14,"column":16},"end":{"line":14,"column":46}},"locations":[{"start":{"line":14,"column":16},"end":{"line":14,"column":46}}]},"2":{"type":"branch","line":15,"loc":{"start":{"line":15,"column":17},"end":{"line":15,"column":51}},"locations":[{"start":{"line":15,"column":17},"end":{"line":15,"column":51}}]},"3":{"type":"branch","line":15,"loc":{"start":{"line":15,"column":32},"end":{"line":15,"column":51}},"locations":[{"start":{"line":15,"column":32},"end":{"line":15,"column":51}}]}},"b":{"0":[120],"1":[93],"2":[94],"3":[1]},"fnMap":{"0":{"name":"TodoInput","decl":{"start":{"line":9,"column":29},"end":{"line":22,"column":8}},"loc":{"start":{"line":9,"column":29},"end":{"line":22,"column":8}},"line":9},"1":{"name":"onChange","decl":{"start":{"line":14,"column":16},"end":{"line":14,"column":46}},"loc":{"start":{"line":14,"column":16},"end":{"line":14,"column":46}},"line":14},"2":{"name":"onKeyDown","decl":{"start":{"line":15,"column":17},"end":{"line":15,"column":51}},"loc":{"start":{"line":15,"column":17},"end":{"line":15,"column":51}},"line":15}},"f":{"0":120,"1":93,"2":94}}
,"D:\\webdev\\test-mindbox-todolist\\src\\components\\TodoItem.tsx": {"path":"D:\\webdev\\test-mindbox-todolist\\src\\components\\TodoItem.tsx","all":false,"statementMap":{"8":{"start":{"line":9,"column":0},"end":{"line":9,"column":53}},"9":{"start":{"line":10,"column":0},"end":{"line":10,"column":47}},"10":{"start":{"line":11,"column":0},"end":{"line":11,"column":10}},"11":{"start":{"line":12,"column":0},"end":{"line":12,"column":33}},"12":{"start":{"line":13,"column":0},"end":{"line":13,"column":21}},"13":{"start":{"line":14,"column":0},"end":{"line":14,"column":30}},"14":{"start":{"line":15,"column":0},"end":{"line":15,"column":40}},"15":{"start":{"line":16,"column":0},"end":{"line":16,"column":44}},"16":{"start":{"line":17,"column":0},"end":{"line":17,"column":6}},"18":{"start":{"line":19,"column":0},"end":{"line":19,"column":9}},"19":{"start":{"line":20,"column":0},"end":{"line":20,"column":18}},"25":{"start":{"line":26,"column":0},"end":{"line":26,"column":22}},"26":{"start":{"line":27,"column":0},"end":{"line":27,"column":43}},"27":{"start":{"line":28,"column":0},"end":{"line":28,"column":79}},"28":{"start":{"line":29,"column":0},"end":{"line":29,"column":7}},"32":{"start":{"line":33,"column":0},"end":{"line":33,"column":10}},"33":{"start":{"line":34,"column":0},"end":{"line":34,"column":79}},"34":{"start":{"line":35,"column":0},"end":{"line":35,"column":78}},"35":{"start":{"line":36,"column":0},"end":{"line":36,"column":27}},"36":{"start":{"line":37,"column":0},"end":{"line":37,"column":27}},"38":{"start":{"line":39,"column":0},"end":{"line":39,"column":13}},"39":{"start":{"line":40,"column":0},"end":{"line":40,"column":28}},"40":{"start":{"line":41,"column":0},"end":{"line":41,"column":128}},"41":{"start":{"line":42,"column":0},"end":{"line":42,"column":28}},"42":{"start":{"line":43,"column":0},"end":{"line":43,"column":10}},"43":{"start":{"line":44,"column":0},"end":{"line":44,"column":12}},"44":{"start":{"line":45,"column":0},"end":{"line":45,"column":11}},"45":{"start":{"line":46,"column":0},"end":{"line":46,"column":120}},"46":{"start":{"line":47,"column":0},"end":{"line":47,"column":17}},"47":{"start":{"line":48,"column":0},"end":{"line":48,"column":12}},"48":{"start":{"line":49,"column":0},"end":{"line":49,"column":7}},"51":{"start":{"line":52,"column":0},"end":{"line":52,"column":23}}},"s":{"8":1,"9":74,"10":74,"11":74,"12":74,"13":74,"14":74,"15":74,"16":74,"18":74,"19":74,"25":74,"26":8,"27":66,"28":74,"32":74,"33":74,"34":74,"35":74,"36":74,"38":74,"39":74,"40":74,"41":74,"42":74,"43":74,"44":74,"45":74,"46":74,"47":74,"48":74,"51":1},"branchMap":{"0":{"type":"branch","line":9,"loc":{"start":{"line":9,"column":28},"end":{"line":49,"column":7}},"locations":[{"start":{"line":9,"column":28},"end":{"line":49,"column":7}}]},"1":{"type":"branch","line":26,"loc":{"start":{"line":26,"column":13},"end":{"line":27,"column":43}},"locations":[{"start":{"line":26,"column":13},"end":{"line":27,"column":43}}]},"2":{"type":"branch","line":27,"loc":{"start":{"line":27,"column":12},"end":{"line":28,"column":79}},"locations":[{"start":{"line":27,"column":12},"end":{"line":28,"column":79}}]},"3":{"type":"branch","line":35,"loc":{"start":{"line":35,"column":36},"end":{"line":35,"column":64}},"locations":[{"start":{"line":35,"column":36},"end":{"line":35,"column":64}}]},"4":{"type":"branch","line":35,"loc":{"start":{"line":35,"column":48},"end":{"line":35,"column":75}},"locations":[{"start":{"line":35,"column":48},"end":{"line":35,"column":75}}]},"5":{"type":"branch","line":46,"loc":{"start":{"line":46,"column":60},"end":{"line":46,"column":103}},"locations":[{"start":{"line":46,"column":60},"end":{"line":46,"column":103}}]},"6":{"type":"branch","line":46,"loc":{"start":{"line":46,"column":72},"end":{"line":46,"column":120}},"locations":[{"start":{"line":46,"column":72},"end":{"line":46,"column":120}}]},"7":{"type":"branch","line":15,"loc":{"start":{"line":15,"column":16},"end":{"line":15,"column":40}},"locations":[{"start":{"line":15,"column":16},"end":{"line":15,"column":40}}]}},"b":{"0":[74],"1":[8],"2":[66],"3":[8],"4":[66],"5":[8],"6":[66],"7":[5]},"fnMap":{"0":{"name":"TodoItem","decl":{"start":{"line":9,"column":28},"end":{"line":49,"column":7}},"loc":{"start":{"line":9,"column":28},"end":{"line":49,"column":7}},"line":9},"1":{"name":"onChange","decl":{"start":{"line":15,"column":16},"end":{"line":15,"column":40}},"loc":{"start":{"line":15,"column":16},"end":{"line":15,"column":40}},"line":15}},"f":{"0":74,"1":5}}
,"D:\\webdev\\test-mindbox-todolist\\src\\components\\TodoStats.tsx": {"path":"D:\\webdev\\test-mindbox-todolist\\src\\components\\TodoStats.tsx","all":false,"statementMap":{"7":{"start":{"line":8,"column":0},"end":{"line":8,"column":67}},"8":{"start":{"line":9,"column":0},"end":{"line":9,"column":58}},"9":{"start":{"line":10,"column":0},"end":{"line":10,"column":45}},"10":{"start":{"line":11,"column":0},"end":{"line":11,"column":11}},"11":{"start":{"line":12,"column":0},"end":{"line":12,"column":32}},"12":{"start":{"line":13,"column":0},"end":{"line":13,"column":92}},"13":{"start":{"line":14,"column":0},"end":{"line":14,"column":5}},"15":{"start":{"line":16,"column":0},"end":{"line":16,"column":13}},"16":{"start":{"line":17,"column":0},"end":{"line":17,"column":8}},"19":{"start":{"line":20,"column":0},"end":{"line":20,"column":24}}},"s":{"7":1,"8":120,"9":120,"10":120,"11":120,"12":120,"13":120,"15":120,"16":120,"19":1},"branchMap":{"0":{"type":"branch","line":8,"loc":{"start":{"line":8,"column":29},"end":{"line":17,"column":8}},"locations":[{"start":{"line":8,"column":29},"end":{"line":17,"column":8}}]}},"b":{"0":[120]},"fnMap":{"0":{"name":"TodoStats","decl":{"start":{"line":8,"column":29},"end":{"line":17,"column":8}},"loc":{"start":{"line":8,"column":29},"end":{"line":17,"column":8}},"line":8}},"f":{"0":120}}
}
